Release 14.7 Map P.20131013 (nt)
Xilinx Mapping Report File for Design 'top'

Design Information
------------------
Command Line   : map -intstyle ise -p xc6slx16-csg324-3 -w -logic_opt off -ol
high -t 1 -xt 0 -register_duplication off -r 4 -global_opt off -mt off -ir off
-pr off -lc off -power off -o top_map.ncd top.ngd top.pcf 
Target Device  : xc6slx16
Target Package : csg324
Target Speed   : -3
Mapper Version : spartan6 -- $Revision: 1.55 $
Mapped Date    : Fri Feb 07 20:38:11 2020

Design Summary
--------------
Number of errors:      0
Number of warnings:    3
Slice Logic Utilization:
  Number of Slice Registers:                    63 out of  18,224    1%
    Number used as Flip Flops:                  54
    Number used as Latches:                      9
    Number used as Latch-thrus:                  0
    Number used as AND/OR logics:                0
  Number of Slice LUTs:                         44 out of   9,112    1%
    Number used as logic:                       39 out of   9,112    1%
      Number using O6 output only:              22
      Number using O5 output only:              15
      Number using O5 and O6:                    2
      Number used as ROM:                        0
    Number used as Memory:                       0 out of   2,176    0%
    Number used exclusively as route-thrus:      5
      Number with same-slice register load:      4
      Number with same-slice carry load:         1
      Number with other load:                    0

Slice Logic Distribution:
  Number of occupied Slices:                    22 out of   2,278    1%
  Number of MUXCYs used:                        20 out of   4,556    1%
  Number of LUT Flip Flop pairs used:           67
    Number with an unused Flip Flop:             8 out of      67   11%
    Number with an unused LUT:                  23 out of      67   34%
    Number of fully used LUT-FF pairs:          36 out of      67   53%
    Number of unique control sets:               6
    Number of slice register sites lost
      to control set restrictions:              17 out of  18,224    1%

  A LUT Flip Flop pair for this architecture represents one LUT paired with
  one Flip Flop within a slice.  A control set is a unique combination of
  clock, reset, set, and enable signals for a registered element.
  The Slice Logic Distribution report is not meaningful if the design is
  over-mapped for a non-slice resource or if Placement fails.

IO Utilization:
  Number of bonded IOBs:                        23 out of     232    9%
    Number of LOCed IOBs:                       23 out of      23  100%

Specific Feature Utilization:
  Number of RAMB16BWERs:                         0 out of      32    0%
  Number of RAMB8BWERs:                          0 out of      64    0%
  Number of BUFIO2/BUFIO2_2CLKs:                 0 out of      32    0%
  Number of BUFIO2FB/BUFIO2FB_2CLKs:             0 out of      32    0%
  Number of BUFG/BUFGMUXs:                       3 out of      16   18%
    Number used as BUFGs:                        3
    Number used as BUFGMUX:                      0
  Number of DCM/DCM_CLKGENs:                     0 out of       4    0%
  Number of ILOGIC2/ISERDES2s:                   0 out of     248    0%
  Number of IODELAY2/IODRP2/IODRP2_MCBs:         0 out of     248    0%
  Number of OLOGIC2/OSERDES2s:                   0 out of     248    0%
  Number of BSCANs:                              0 out of       4    0%
  Number of BUFHs:                               0 out of     128    0%
  Number of BUFPLLs:                             0 out of       8    0%
  Number of BUFPLL_MCBs:                         0 out of       4    0%
  Number of DSP48A1s:                            0 out of      32    0%
  Number of ICAPs:                               0 out of       1    0%
  Number of MCBs:                                0 out of       2    0%
  Number of PCILOGICSEs:                         0 out of       2    0%
  Number of PLL_ADVs:                            0 out of       2    0%
  Number of PMVs:                                0 out of       1    0%
  Number of STARTUPs:                            0 out of       1    0%
  Number of SUSPEND_SYNCs:                       0 out of       1    0%

Average Fanout of Non-Clock Nets:                2.40

Peak Memory Usage:  289 MB
Total REAL time to MAP completion:  6 secs 
Total CPU time to MAP completion:   6 secs 

Table of Contents
-----------------
Section 1 - Errors
Section 2 - Warnings
Section 3 - Informational
Section 4 - Removed Logic Summary
Section 5 - Removed Logic
Section 6 - IOB Properties
Section 7 - RPMs
Section 8 - Guide Report
Section 9 - Area Group and Partition Summary
Section 10 - Timing Report
Section 11 - Configuration String Information
Section 12 - Control Set Information
Section 13 - Utilization by Hierarchy

Section 1 - Errors
------------------

Section 2 - Warnings
--------------------
WARNING:Place:1109 - A clock IOB / BUFGMUX clock component pair have been found
   that are not placed at an optimal clock IOB / BUFGMUX site pair. The clock
   IOB component <button_m> is placed at site <B8>. The corresponding BUFG
   component <button_m_IBUF_BUFG> is placed at site <BUFGMUX_X3Y7>. There is
   only a select set of IOBs that can use the fast path to the Clocker buffer,
   and they are not being used. You may want to analyze why this problem exists
   and correct it. This is normally an ERROR but the CLOCK_DEDICATED_ROUTE
   constraint was applied on COMP.PIN <button_m.PAD> allowing your design to
   continue. This constraint disables all clock placer rules related to the
   specified COMP.PIN. The use of this override is highly discouraged as it may
   lead to very poor timing results. It is recommended that this error condition
   be corrected in the design.
WARNING:PhysDesignRules:372 - Gated clock. Clock net XLXI_110/XLXN_84 is sourced
   by a combinatorial pin. This is not good design practice. Use the CE pin to
   control the loading of data into the flip-flop.
WARNING:PhysDesignRules:372 - Gated clock. Clock net XLXI_74/count_G is sourced
   by a combinatorial pin. This is not good design practice. Use the CE pin to
   control the loading of data into the flip-flop.

Section 3 - Informational
-------------------------
INFO:MapLib:562 - No environment variables are currently set.
INFO:LIT:244 - All of the single ended outputs in this design are using slew
   rate limited output drivers. The delay on speed critical single ended outputs
   can be dramatically reduced by designating them as fast outputs.
INFO:Pack:1716 - Initializing temperature to 85.000 Celsius. (default - Range:
   0.000 to 85.000 Celsius)
INFO:Pack:1720 - Initializing voltage to 1.140 Volts. (default - Range: 1.140 to
   1.260 Volts)
INFO:Map:215 - The Interim Design Summary has been generated in the MAP Report
   (.mrp).
INFO:Pack:1650 - Map created a placed design.

Section 4 - Removed Logic Summary
---------------------------------
   5 block(s) removed
  24 block(s) optimized away
   8 signal(s) removed

Section 5 - Removed Logic
-------------------------

The trimmed logic reported below is either:
   1. part of a cycle
   2. part of disabled logic
   3. a side-effect of other trimmed logic

The signal "XLXI_93/XLXI_21/XLXI_16/XLXN_7" is unused and has been removed.
 Unused block "XLXI_93/XLXI_21/XLXI_16/XLXI_5" (BUF) removed.
The signal "XLXI_93/XLXI_21/XLXI_15/XLXN_7" is unused and has been removed.
 Unused block "XLXI_93/XLXI_21/XLXI_15/XLXI_5" (BUF) removed.
The signal "XLXI_93/XLXI_21/XLXI_2/XLXN_6" is unused and has been removed.
The signal "XLXI_93/XLXI_21/XLXI_2/XLXN_7" is unused and has been removed.
 Unused block "XLXI_93/XLXI_21/XLXI_2/XLXI_5" (BUF) removed.
The signal "XLXI_93/XLXI_21/XLXI_1/XLXN_24" is unused and has been removed.
The signal "XLXI_93/XLXI_21/XLXI_1/XLXN_6" is unused and has been removed.
The signal "XLXI_93/XLXI_21/XLXI_1/XLXN_22" is unused and has been removed.
 Unused block "XLXI_93/XLXI_21/XLXI_1/XLXI_14" (BUF) removed.
The signal "XLXI_93/XLXI_21/XLXI_1/XLXN_7" is unused and has been removed.
 Unused block "XLXI_93/XLXI_21/XLXI_1/XLXI_5" (BUF) removed.

Optimized Block(s):
TYPE 		BLOCK
VCC 		XLXI_87
GND 		XLXI_88
AND2 		XLXI_93/XLXI_21/XLXI_1/XLXI_1
OR2 		XLXI_93/XLXI_21/XLXI_1/XLXI_11
AND2 		XLXI_93/XLXI_21/XLXI_1/XLXI_12
AND2 		XLXI_93/XLXI_21/XLXI_1/XLXI_13
FD 		XLXI_93/XLXI_21/XLXI_1/XLXI_15
   optimized to 0
AND2 		XLXI_93/XLXI_21/XLXI_1/XLXI_2
FD 		XLXI_93/XLXI_21/XLXI_1/XLXI_3
   optimized to 0
OR2 		XLXI_93/XLXI_21/XLXI_1/XLXI_4
AND2 		XLXI_93/XLXI_21/XLXI_15/XLXI_1
AND2 		XLXI_93/XLXI_21/XLXI_16/XLXI_1
AND2 		XLXI_93/XLXI_21/XLXI_2/XLXI_1
AND2 		XLXI_93/XLXI_21/XLXI_2/XLXI_13
AND2 		XLXI_93/XLXI_21/XLXI_2/XLXI_2
FD 		XLXI_93/XLXI_21/XLXI_2/XLXI_3
   optimized to 0
OR2 		XLXI_93/XLXI_21/XLXI_2/XLXI_4
BUF 		XLXI_93/XLXI_57
BUF 		XLXI_93/XLXI_58
BUF 		XLXI_93/XLXI_59
BUF 		XLXI_93/XLXI_60
BUF 		XLXI_93/XLXI_61
BUF 		XLXI_93/XLXI_73
BUF 		XLXI_93/XLXI_91

To enable printing of redundant blocks removed and signals merged, set the
detailed map report option and rerun map.

Section 6 - IOB Properties
--------------------------

+---------------------------------------------------------------------------------------------------------------------------------------------------------+
| IOB Name                           | Type             | Direction | IO Standard          | Diff  | Drive    | Slew | Reg (s)      | Resistor | IOB      |
|                                    |                  |           |                      | Term  | Strength | Rate |              |          | Delay    |
+---------------------------------------------------------------------------------------------------------------------------------------------------------+
| LED<0>                             | IOB              | OUTPUT    | LVCMOS33             |       | 12       | SLOW |              |          |          |
| LED<1>                             | IOB              | OUTPUT    | LVCMOS33             |       | 12       | SLOW |              |          |          |
| LED<2>                             | IOB              | OUTPUT    | LVCMOS33             |       | 12       | SLOW |              |          |          |
| LED<3>                             | IOB              | OUTPUT    | LVCMOS33             |       | 12       | SLOW |              |          |          |
| LED<4>                             | IOB              | OUTPUT    | LVCMOS33             |       | 12       | SLOW |              |          |          |
| LED<5>                             | IOB              | OUTPUT    | LVCMOS33             |       | 12       | SLOW |              |          |          |
| LED<6>                             | IOB              | OUTPUT    | LVCMOS33             |       | 12       | SLOW |              |          |          |
| LED<7>                             | IOB              | OUTPUT    | LVCMOS33             |       | 12       | SLOW |              |          |          |
| button_m                           | IOB              | INPUT     | LVCMOS33             |       |          |      |              |          |          |
| button_r                           | IOB              | INPUT     | LVCMOS33             |       |          |      |              |          |          |
| clk                                | IOB              | INPUT     | LVCMOS25             |       |          |      |              |          |          |
| in_data<0>                         | IOB              | INPUT     | LVCMOS33             |       |          |      |              |          |          |
| in_data<1>                         | IOB              | INPUT     | LVCMOS33             |       |          |      |              |          |          |
| in_data<2>                         | IOB              | INPUT     | LVCMOS33             |       |          |      |              |          |          |
| in_data<3>                         | IOB              | INPUT     | LVCMOS33             |       |          |      |              |          |          |
| in_data<4>                         | IOB              | INPUT     | LVCMOS33             |       |          |      |              |          |          |
| in_data<5>                         | IOB              | INPUT     | LVCMOS33             |       |          |      |              |          |          |
| in_data<6>                         | IOB              | INPUT     | LVCMOS33             |       |          |      |              |          |          |
| in_data<7>                         | IOB              | INPUT     | LVCMOS33             |       |          |      |              |          |          |
| rc1                                | IOB              | INPUT     | LVCMOS33             |       |          |      |              |          |          |
| rcGND                              | IOB              | OUTPUT    | LVCMOS33             |       | 12       | SLOW |              |          |          |
| send                               | IOB              | OUTPUT    | LVCMOS33             |       | 12       | SLOW |              |          |          |
| snVCC                              | IOB              | OUTPUT    | LVCMOS33             |       | 12       | SLOW |              |          |          |
+---------------------------------------------------------------------------------------------------------------------------------------------------------+

Section 7 - RPMs
----------------

Section 8 - Guide Report
------------------------
Guide not run on this design.

Section 9 - Area Group and Partition Summary
--------------------------------------------

Partition Implementation Status
-------------------------------

  No Partitions were found in this design.

-------------------------------

Area Group Information
----------------------

  No area groups were found in this design.

----------------------

Section 10 - Timing Report
--------------------------
A logic-level (pre-route) timing report can be generated by using Xilinx static
timing analysis tools, Timing Analyzer (GUI) or TRCE (command line), with the
mapped NCD and PCF files. Please note that this timing report will be generated
using estimated delay information. For accurate numbers, please generate a
timing report with the post Place and Route NCD file.

For more information about the Timing Analyzer, consult the Xilinx Timing
Analyzer Reference Manual; for more information about TRCE, consult the Xilinx
Command Line Tools User Guide "TRACE" chapter.

Section 11 - Configuration String Details
-----------------------------------------
Use the "-detail" map option to print out Configuration Strings

Section 12 - Control Set Information
------------------------------------
Use the "-detail" map option to print out Control Set Information.

Section 13 - Utilization by Hierarchy
-------------------------------------
Use the "-detail" map option to print out the Utilization by Hierarchy section.
